<?xml version="1.0" encoding="UTF-8"?>
<!-- Generated by org.testng.reporters.JUnitReportReporter -->
<testsuite hostname="ria" name="executionEngine.Driver_TestNG" tests="1" failures="0" timestamp="16 May 2018 16:54:47 GMT" time="30.921" errors="0">
  <testcase name="executeTestCases" time="30.921" classname="executionEngine.Driver_TestNG"/>
</testsuite> <!-- executionEngine.Driver_TestNG -->
